INFO:IP-SML,GeneticAlgorithm,1:GPOL,1,0,0,7,tensor(3.0148),tensor([ 1.0670,  8.3824,  0.2852,  2.3473,  9.1696,  7.3327,  3.9215,  3.1344,
         0.7746,  2.6096,  0.2852,  3.1344,  7.3327,  0.5440,  0.2852,  2.6096,
         8.9072,  0.7746,  2.8720,  6.0207,  3.1344,  5.2335,  0.5440,  0.5440,
         0.2852,  9.6945,  0.2852,  3.9215,  0.5440,  1.0670,  0.5440,  0.2852,
         0.2852,  6.0207,  0.5440,  0.0662,  5.4959, 11.0065,  0.5440, 22.2906,
         9.4320,  1.5605,  0.5440,  5.7583,  8.9072,  2.3473,  0.2852,  0.0662,
         0.5440,  5.7583,  8.6448,  0.2852,  6.5455,  3.3967,  0.5440,  0.0662,
         0.5440,  0.2852,  0.5440,  5.4959,  1.2983,  0.5440,  9.4320,  0.5440]),6.929866313934326,10.557100296020508,[add, div, 0, 16, div, 16, 17]
INFO:IP-SML,GeneticAlgorithm,1:GPOL,1,1,0.33873915672302246,9,tensor(2.5904),tensor([10.2786,  2.0645, 10.8096,  8.2416,  8.9933,  9.0285,  9.1414,  2.9814,
         0.5179,  8.8120,  9.8868,  9.8228,  9.8637,  2.8908,  0.9655,  9.2600,
        10.3266,  0.3299,  9.1005,  9.4295, 16.4100,  4.5508,  1.5191,  3.9893,
         0.8076, 12.4801,  1.0389,  3.3238, 11.3240,  9.2026,  1.0702, 10.7402,
         3.5217,  1.0822, 10.2677,  2.3365,  4.1788,  8.8172,  9.9741,  9.2058,
        11.3475,  9.3619,  6.9180,  8.1868,  2.4194,  2.7405, 10.6622,  9.8311,
         8.3942,  0.5814,  2.4768,  8.1021,  1.9977,  9.1538, 11.3012,  6.5155,
         0.0940,  4.9405,  1.3619,  0.0645,  8.7959,  8.4530,  0.8108,  2.1323]),53.71297836303711,768.3947143554688,[add, div, 0, 16, add, 3, div, 12, 17]
INFO:IP-SML,GeneticAlgorithm,1:GPOL,1,2,0.35361456871032715,13,tensor(1.5101),tensor([ 7.2411,  8.7557,  2.4187,  8.2603,  6.6707,  0.7686,  4.9447,  9.7304,
         0.9952,  3.3698, 14.8391,  7.4577,  6.5313,  1.5680,  4.3111,  3.9071,
         4.8945,  3.0893,  3.9900,  1.8956,  3.5682,  2.6082,  0.5642,  5.3472,
         1.6407,  7.6317,  2.9320,  7.4225,  8.7078,  1.4113,  8.6969,  0.7654,
         9.1693,  7.6891,  9.0914,  2.6399,  0.4968,  7.2250,  7.5830,  9.2387,
         0.5379, 10.9092,  7.2463,  6.6160,  5.0924,  9.7767,  2.9801,  1.3208,
         7.6349,  7.5296,  7.7911,  8.2520,  8.3159,  6.8821,  0.9074,  8.4032,
         7.8586,  9.7532,  2.6519,  8.2928,  0.6109,  7.5705,  6.8234,  1.0590]),4.080026626586914,6.270514011383057,[add, add, div, 0, 16, add, 3, div, 12, 17, div, 16, 17]
INFO:IP-SML,GeneticAlgorithm,1:GPOL,1,3,0.380434513092041,17,tensor(0.3542),tensor([ 3.3169,  1.5216,  7.2938,  5.4160,  8.3435,  4.7783,  4.1450,  2.7922,
         4.2535,  2.7922,  3.3169,  6.9905,  2.7922,  2.7922,  2.7922, 11.4925,
         3.8417,  2.7922,  3.3169,  2.7922,  1.5216,  5.3031,  2.7922,  2.7922,
         2.5707,  4.1450,  5.3031,  3.3169,  4.2535,  3.3169,  1.7429,  2.6793,
         0.4749,  3.3169,  0.4749,  2.6793,  8.8683,  5.8279,  3.8417,  2.7922,
         5.4160, 34.0606,  1.7429,  0.9975,  3.3169,  3.7287,  5.8279,  0.0842,
         6.2442,  3.3169,  8.3435,  7.8186,  7.2938,  6.4657,  0.9975,  2.7922,
         2.7922,  4.2535,  6.7690,  3.3169,  3.3169,  3.8417,  2.7922,  2.7922]),3.058289051055908,6.696706295013428,[add, add, tensor(0.8835), add, div, 0, 16, add, div, 0, 16, div, 12, 17, div, 16, 17]
INFO:IP-SML,GeneticAlgorithm,1:GPOL,1,4,0.3744065761566162,17,tensor(0.3220),tensor([ 6.5658,  5.2375,  4.7042, 12.0376,  2.1053,  5.2538, 10.1247,  0.3975,
         6.3034,  7.2141, 13.9624,  5.0538,  0.6557,  5.2538,  6.5658, 10.6758,
         5.4900,  3.4071,  0.2799,  0.3041,  4.4666,  6.5658, 12.2163,  3.1547,
         4.7630,  2.3818,  3.6795,  7.0907,  7.3850,  4.8794, 20.0882,  6.0410,
         6.3034,  6.3034,  1.1295,  0.4339,  5.6212,  5.9779,  3.5341,  3.3036,
         6.5658,  0.9441,  6.3034,  5.1488,  6.5658,  4.8503,  6.3034,  5.9276,
         4.5581, 11.9759, 16.2653,  6.5658,  6.5658,  6.3034,  0.9179,  6.7921,
        11.1886,  4.7914,  6.3034,  6.5658,  4.8198,  6.5658,  7.0907,  6.3049]),1.702508807182312,1.1159002780914307,[add, add, sub, div, 11, 16, tensor(-0.9340), div, 17, 18, add, div, 0, 16, div, 16, 17]
INFO:IP-SML,GeneticAlgorithm,1:GPOL,1,5,0.43029236793518066,17,tensor(0.1932),tensor([ 5.6390, 14.0772,  5.1142,  5.0802,  5.3426,  5.6390,  1.4822,  5.9014,
         5.6050,  2.4564,  2.4564,  5.6390,  2.7187,  5.1142,  1.2201,  5.6390,
         1.2201,  5.6390,  5.6390,  2.7936,  6.1638,  5.0802,  5.9014,  6.9510,
         5.9014,  4.2930,  6.1638,  5.6390,  6.9510,  5.9014,  5.9014,  5.6390,
         5.6390,  5.9014,  4.8178,  2.1941,  1.6695,  0.6965,  5.6390,  5.6050,
         5.9014,  0.1806,  0.9581,  0.6965,  0.8834,  5.8674,  0.8834,  6.1638,
         7.4758,  4.2930,  5.0802,  5.9014,  2.9811,  5.9014,  5.6390,  2.7187,
         5.6390,  5.6390,  5.9014,  0.4359,  2.1941,  5.8674,  5.6390,  7.7383]),7.094901573419008e+16,8.073800469299855e+17,[add, add, tensor(0.8835), add, div, 0, 16, add, div, 17, 18, div, 12, 17, div, 16, 16]
INFO:IP-SML,GeneticAlgorithm,1:GPOL,1,6,0.41747474670410156,17,tensor(0.1562),tensor([ 6.0043,  2.1321,  0.4973,  3.4438,  0.5603,  3.1814,  3.9686,  3.4438,
         0.2395,  2.9191,  2.9191,  3.1814,  6.0043,  0.2395,  6.5291,  2.1321,
         6.2667,  2.5933,  3.1180,  3.4438,  0.3011,  4.4299,  3.1814,  3.4438,
         2.5933,  2.9191,  0.0718,  3.9686,  3.6428,  2.3310,  3.4438,  3.4438,
         1.6075,  3.1180,  3.4438,  3.4438,  0.3011,  3.1814,  3.1814,  4.4299,
         3.1814,  3.4438,  3.4438,  3.1814,  5.7419,  3.1814,  3.1814,  1.0200,
         1.0200,  8.1036,  1.3454,  3.1814,  3.4438, 19.3876,  6.7916,  6.5291,
         5.4795,  2.8556,  0.5603,  3.4438,  2.8556,  3.4438,  3.4438,  0.2395]),1.3744257688522339,1.2881042957305908,[add, add, tensor(0.8835), add, div, 0, 16, add, div, 17, 18, div, 17, 17, div, 16, 16]
INFO:IP-SML,GeneticAlgorithm,1:GPOL,1,7,0.44501543045043945,19,tensor(0.1348),tensor([ 36.6282,  25.8887,   9.4471,   4.1442,  42.0644,  12.1652,  39.4793,
          6.7291,  39.3463,  23.1706,  63.9423,  39.3463,  39.3463,  39.3463,
         55.7880,  42.0644,  47.5006,  42.0644,  55.7880,  12.1652,  25.8887,
         42.0644,  39.3463,  20.4525,  42.0644,  36.6282,  42.0644,  53.0699,
         39.3463,   1.2941,  42.0644,  77.5329,  36.6282,  42.0644,  61.2242,
          4.0112,  23.0376,  42.0644,  42.0644,  61.2242,  23.1706,   4.0112,
         39.3463,   9.4471,  42.0644,  42.0644,  39.3463,  47.5006,  28.4738,
         17.7344,  39.3463,  42.0644,   4.0112,  20.4525,  50.3518,  39.4793,
         28.4738,  20.3195,   4.1442, 194.4120,  39.3463,  58.5061,  31.3250,
         42.0644]),2.8379606293676032e+17,1.5958733703128023e+18,[add, add, tensor(0.8835), add, div, 0, 16, add, div, div, 0, 16, 18, div, 17, 17, div, 16, 16]
INFO:IP-SML,GeneticAlgorithm,1:GPOL,1,8,0.4775536060333252,17,tensor(0.0906),tensor([0.5801, 0.5801, 0.5801, 0.5801, 0.5801, 0.5801, 0.5801, 0.5801, 0.5801,
        0.5801, 0.5801, 0.5801, 0.5801, 0.5801, 0.5801, 0.5801, 0.5801, 0.5801,
        0.5801, 0.5801, 0.5801, 0.5801, 0.5801, 0.5801, 0.5801, 0.5801, 0.5801,
        0.5801, 0.5801, 0.5801, 0.5801, 0.5801, 0.5801, 0.5801, 0.5801, 0.5801,
        0.5801, 0.5801, 0.5801, 0.5801, 0.5801, 0.5801, 0.5801, 0.5801, 0.5801,
        0.5801, 0.5801, 0.5801, 0.5801, 0.5801, 0.5801, 0.5801, 0.5801, 0.5801,
        0.5801, 0.5801, 0.5801, 0.5801, 0.5801, 0.5801, 0.5801, 0.5801, 0.5801,
        0.5801]),5.6759212587352064e+17,2.220793036026151e+18,[add, add, tensor(0.8835), add, div, 17, 18, add, div, 16, 16, div, 17, 17, div, 16, 16]
INFO:IP-SML,GeneticAlgorithm,1:GPOL,1,9,0.4136662483215332,37,tensor(0.0691),tensor([28.7126, 45.5549, 40.1960, 35.6026, 27.9470, 27.1814, 53.2105, 46.3205,
        27.1814, 27.1814, 28.7126, 27.9470, 27.1814, 28.7126, 38.6648, 27.1814,
        37.8993, 27.1814, 27.1814, 47.8516, 37.8993, 25.6503, 56.2727, 56.2727,
        25.6503, 44.7893, 32.5404, 27.9470, 27.1814, 44.7893, 93.7853, 37.1337,
        27.9470, 27.1814, 54.7416, 50.1483, 36.3682, 31.0092, 44.0238, 27.9470,
        57.0383, 37.8993, 27.1814, 54.7416, 46.3205, 50.1483, 40.1960, 31.0092,
        27.1814, 27.1814, 36.3682, 27.9470, 27.9470, 35.6026, 27.9470, 27.1814,
        27.9470, 53.9761, 27.1814, 60.8661, 45.5549, 55.5072, 27.9470, 33.3059]),4.256941029950751e+17,1.9389634668155372e+18,[add, add, tensor(0.8835), add, div, 0, 16, add, div, 16, 16, div, 16, 16, div, add, add, tensor(0.8835), add, div, 0, 16, add, div, 0, div, 17, 18, div, div, 17, 18, 17, div, 16, 17, 16]
INFO:IP-SML,GeneticAlgorithm,1:GPOL,1,10,0.4731295108795166,17,tensor(0.0345),tensor([0.0659, 0.0659, 0.0659, 0.0659, 0.0659, 0.0659, 0.0659, 0.0659, 0.0659,
        0.0659, 0.0659, 0.0659, 0.0659, 0.0659, 0.0659, 0.0659, 0.0659, 0.0659,
        0.0659, 0.0659, 0.0659, 0.0659, 0.0659, 0.0659, 0.0659, 0.0659, 0.0659,
        0.0659, 0.0659, 0.0659, 0.0659, 0.0659, 0.0659, 0.0659, 0.0659, 0.0659,
        0.0659, 0.0659, 0.0659, 0.0659, 0.0659, 0.0659, 0.0659, 0.0659, 0.0659,
        0.0659, 0.0659, 0.0659, 0.0659, 0.0659, 0.0659, 0.0659, 0.0659, 0.0659,
        0.0659, 0.0659, 0.0659, 0.0659, 0.0659, 0.0659, 0.0659, 0.0659, 0.0659,
        0.0659]),6.385411716724818e+17,2.345833071749628e+18,[add, add, tensor(0.8835), add, div, 16, 16, add, div, 16, 16, div, 16, 16, div, 16, 16]
INFO:IP-SML,GeneticAlgorithm,1:GPOL,1,11,0.47188782691955566,17,tensor(0.0026),tensor([0.0659, 0.0659, 0.0659, 0.0659, 0.0659, 0.0659, 0.0659, 0.0659, 0.0659,
        0.0659, 0.0659, 0.0659, 0.0659, 0.0659, 0.0659, 0.0659, 0.0659, 0.0659,
        0.0659, 0.0659, 0.0659, 0.0659, 0.0659, 0.0659, 0.0659, 0.0659, 0.0659,
        0.0659, 0.0659, 0.0659, 0.0659, 0.0659, 0.0659, 0.0659, 0.0659, 0.0659,
        0.0659, 0.0659, 0.0659, 0.0659, 0.0659, 0.0659, 0.0659, 0.0659, 0.0659,
        0.0659, 0.0659, 0.0659, 0.0659, 0.0659, 0.0659, 0.0659, 0.0659, 0.0659,
        0.0659, 0.0659, 0.0659, 0.0659, 0.0659, 0.0659, 0.0659, 0.0659, 0.0659,
        0.0659]),7.094901831117046e+17,2.4624860327764296e+18,[add, add, tensor(0.8835), add, div, 16, 16, add, div, 16, 16, div, 16, 16, div, 16, 16]
INFO:IP-SML,GeneticAlgorithm,1:GPOL,1,12,0.6127629280090332,17,tensor(0.0026),tensor([0.0659, 0.0659, 0.0659, 0.0659, 0.0659, 0.0659, 0.0659, 0.0659, 0.0659,
        0.0659, 0.0659, 0.0659, 0.0659, 0.0659, 0.0659, 0.0659, 0.0659, 0.0659,
        0.0659, 0.0659, 0.0659, 0.0659, 0.0659, 0.0659, 0.0659, 0.0659, 0.0659,
        0.0659, 0.0659, 0.0659, 0.0659, 0.0659, 0.0659, 0.0659, 0.0659, 0.0659,
        0.0659, 0.0659, 0.0659, 0.0659, 0.0659, 0.0659, 0.0659, 0.0659, 0.0659,
        0.0659, 0.0659, 0.0659, 0.0659, 0.0659, 0.0659, 0.0659, 0.0659, 0.0659,
        0.0659, 0.0659, 0.0659, 0.0659, 0.0659, 0.0659, 0.0659, 0.0659, 0.0659,
        0.0659]),8.159137002705388e+17,2.6241656442281e+18,[add, add, tensor(0.8835), add, div, 16, 16, add, div, 16, 16, div, 16, 16, div, 16, 16]
INFO:IP-SML,GeneticAlgorithm,1:GPOL,1,13,0.49651336669921875,17,tensor(0.0026),tensor([0.0659, 0.0659, 0.0659, 0.0659, 0.0659, 0.0659, 0.0659, 0.0659, 0.0659,
        0.0659, 0.0659, 0.0659, 0.0659, 0.0659, 0.0659, 0.0659, 0.0659, 0.0659,
        0.0659, 0.0659, 0.0659, 0.0659, 0.0659, 0.0659, 0.0659, 0.0659, 0.0659,
        0.0659, 0.0659, 0.0659, 0.0659, 0.0659, 0.0659, 0.0659, 0.0659, 0.0659,
        0.0659, 0.0659, 0.0659, 0.0659, 0.0659, 0.0659, 0.0659, 0.0659, 0.0659,
        0.0659, 0.0659, 0.0659, 0.0659, 0.0659, 0.0659, 0.0659, 0.0659, 0.0659,
        0.0659, 0.0659, 0.0659, 0.0659, 0.0659, 0.0659, 0.0659, 0.0659, 0.0659,
        0.0659]),6.740156773920932e+17,2.4051297338355876e+18,[add, add, tensor(0.8835), add, div, 16, 16, add, div, 16, 16, div, 16, 16, div, 16, 16]
INFO:IP-SML,GeneticAlgorithm,1:GPOL,1,14,0.5535516738891602,17,tensor(0.0026),tensor([0.0659, 0.0659, 0.0659, 0.0659, 0.0659, 0.0659, 0.0659, 0.0659, 0.0659,
        0.0659, 0.0659, 0.0659, 0.0659, 0.0659, 0.0659, 0.0659, 0.0659, 0.0659,
        0.0659, 0.0659, 0.0659, 0.0659, 0.0659, 0.0659, 0.0659, 0.0659, 0.0659,
        0.0659, 0.0659, 0.0659, 0.0659, 0.0659, 0.0659, 0.0659, 0.0659, 0.0659,
        0.0659, 0.0659, 0.0659, 0.0659, 0.0659, 0.0659, 0.0659, 0.0659, 0.0659,
        0.0659, 0.0659, 0.0659, 0.0659, 0.0659, 0.0659, 0.0659, 0.0659, 0.0659,
        0.0659, 0.0659, 0.0659, 0.0659, 0.0659, 0.0659, 0.0659, 0.0659, 0.0659,
        0.0659]),4.9664311443429786e+17,2.0858579454085038e+18,[add, add, tensor(0.8835), add, div, 16, 16, add, div, 16, 16, div, 16, 16, div, 16, 16]
INFO:IP-SML,GeneticAlgorithm,1:GPOL,1,15,0.5117251873016357,17,tensor(0.0026),tensor([0.0659, 0.0659, 0.0659, 0.0659, 0.0659, 0.0659, 0.0659, 0.0659, 0.0659,
        0.0659, 0.0659, 0.0659, 0.0659, 0.0659, 0.0659, 0.0659, 0.0659, 0.0659,
        0.0659, 0.0659, 0.0659, 0.0659, 0.0659, 0.0659, 0.0659, 0.0659, 0.0659,
        0.0659, 0.0659, 0.0659, 0.0659, 0.0659, 0.0659, 0.0659, 0.0659, 0.0659,
        0.0659, 0.0659, 0.0659, 0.0659, 0.0659, 0.0659, 0.0659, 0.0659, 0.0659,
        0.0659, 0.0659, 0.0659, 0.0659, 0.0659, 0.0659, 0.0659, 0.0659, 0.0659,
        0.0659, 0.0659, 0.0659, 0.0659, 0.0659, 0.0659, 0.0659, 0.0659, 0.0659,
        0.0659]),7.44964688831316e+17,2.518035009479115e+18,[add, add, tensor(0.8835), add, div, 16, 16, add, div, 16, 16, div, 16, 16, div, 16, 16]
INFO:IP-SML,GeneticAlgorithm,1:GPOL,1,16,0.5190513134002686,17,tensor(0.0026),tensor([0.0659, 0.0659, 0.0659, 0.0659, 0.0659, 0.0659, 0.0659, 0.0659, 0.0659,
        0.0659, 0.0659, 0.0659, 0.0659, 0.0659, 0.0659, 0.0659, 0.0659, 0.0659,
        0.0659, 0.0659, 0.0659, 0.0659, 0.0659, 0.0659, 0.0659, 0.0659, 0.0659,
        0.0659, 0.0659, 0.0659, 0.0659, 0.0659, 0.0659, 0.0659, 0.0659, 0.0659,
        0.0659, 0.0659, 0.0659, 0.0659, 0.0659, 0.0659, 0.0659, 0.0659, 0.0659,
        0.0659, 0.0659, 0.0659, 0.0659, 0.0659, 0.0659, 0.0659, 0.0659, 0.0659,
        0.0659, 0.0659, 0.0659, 0.0659, 0.0659, 0.0659, 0.0659, 0.0659, 0.0659,
        0.0659]),7.44964688831316e+17,2.518035009479115e+18,[add, add, tensor(0.8835), add, div, 16, 16, add, div, 16, 16, div, 16, 16, div, 16, 16]
INFO:IP-SML,GeneticAlgorithm,1:GPOL,1,17,0.477752685546875,17,tensor(0.0026),tensor([0.0659, 0.0659, 0.0659, 0.0659, 0.0659, 0.0659, 0.0659, 0.0659, 0.0659,
        0.0659, 0.0659, 0.0659, 0.0659, 0.0659, 0.0659, 0.0659, 0.0659, 0.0659,
        0.0659, 0.0659, 0.0659, 0.0659, 0.0659, 0.0659, 0.0659, 0.0659, 0.0659,
        0.0659, 0.0659, 0.0659, 0.0659, 0.0659, 0.0659, 0.0659, 0.0659, 0.0659,
        0.0659, 0.0659, 0.0659, 0.0659, 0.0659, 0.0659, 0.0659, 0.0659, 0.0659,
        0.0659, 0.0659, 0.0659, 0.0659, 0.0659, 0.0659, 0.0659, 0.0659, 0.0659,
        0.0659, 0.0659, 0.0659, 0.0659, 0.0659, 0.0659, 0.0659, 0.0659, 0.0659,
        0.0659]),6.385411716724818e+17,2.345833071749628e+18,[add, add, tensor(0.8835), add, div, 16, 16, add, div, 16, 16, div, 16, 16, div, 16, 16]
INFO:IP-SML,GeneticAlgorithm,1:GPOL,1,18,0.5015273094177246,17,tensor(0.0026),tensor([0.0659, 0.0659, 0.0659, 0.0659, 0.0659, 0.0659, 0.0659, 0.0659, 0.0659,
        0.0659, 0.0659, 0.0659, 0.0659, 0.0659, 0.0659, 0.0659, 0.0659, 0.0659,
        0.0659, 0.0659, 0.0659, 0.0659, 0.0659, 0.0659, 0.0659, 0.0659, 0.0659,
        0.0659, 0.0659, 0.0659, 0.0659, 0.0659, 0.0659, 0.0659, 0.0659, 0.0659,
        0.0659, 0.0659, 0.0659, 0.0659, 0.0659, 0.0659, 0.0659, 0.0659, 0.0659,
        0.0659, 0.0659, 0.0659, 0.0659, 0.0659, 0.0659, 0.0659, 0.0659, 0.0659,
        0.0659, 0.0659, 0.0659, 0.0659, 0.0659, 0.0659, 0.0659, 0.0659, 0.0659,
        0.0659]),2.8379606293676032e+17,1.5958733703128023e+18,[add, add, tensor(0.8835), add, div, 16, 16, add, div, 16, 16, div, 16, 16, div, 16, 16]
INFO:IP-SML,GeneticAlgorithm,1:GPOL,1,19,0.487109899520874,17,tensor(0.0026),tensor([0.0659, 0.0659, 0.0659, 0.0659, 0.0659, 0.0659, 0.0659, 0.0659, 0.0659,
        0.0659, 0.0659, 0.0659, 0.0659, 0.0659, 0.0659, 0.0659, 0.0659, 0.0659,
        0.0659, 0.0659, 0.0659, 0.0659, 0.0659, 0.0659, 0.0659, 0.0659, 0.0659,
        0.0659, 0.0659, 0.0659, 0.0659, 0.0659, 0.0659, 0.0659, 0.0659, 0.0659,
        0.0659, 0.0659, 0.0659, 0.0659, 0.0659, 0.0659, 0.0659, 0.0659, 0.0659,
        0.0659, 0.0659, 0.0659, 0.0659, 0.0659, 0.0659, 0.0659, 0.0659, 0.0659,
        0.0659, 0.0659, 0.0659, 0.0659, 0.0659, 0.0659, 0.0659, 0.0659, 0.0659,
        0.0659]),4.6116860871468646e+17,2.014064234161242e+18,[add, add, tensor(0.8835), add, div, 16, 16, add, div, 16, 16, div, 16, 16, div, 16, 16]
INFO:IP-SML,GeneticAlgorithm,1:GPOL,1,20,0.49703168869018555,17,tensor(0.0003),tensor([0.0659, 0.0659, 0.0659, 0.0659, 0.0659, 0.0659, 0.0659, 0.0659, 0.0659,
        0.0659, 0.0659, 0.0659, 0.0659, 0.0659, 0.0659, 0.0659, 0.0659, 0.0659,
        0.0659, 0.0659, 0.0659, 0.0659, 0.0659, 0.0659, 0.0659, 0.0659, 0.0659,
        0.0659, 0.0659, 0.0659, 0.0659, 0.0659, 0.0659, 0.0659, 0.0659, 0.0659,
        0.0659, 0.0659, 0.0659, 0.0659, 0.0659, 0.0659, 0.0659, 0.0659, 0.0659,
        0.0659, 0.0659, 0.0659, 0.0659, 0.0659, 0.0659, 0.0659, 0.0659, 0.0659,
        0.0659, 0.0659, 0.0659, 0.0659, 0.0659, 0.0659, 0.0659, 0.0659, 0.0659,
        0.0659]),4.256941029950751e+17,1.9389634668155372e+18,[add, add, tensor(0.8835), add, div, 16, 16, add, div, 16, 16, div, 16, 16, div, 16, 16]
INFO:IP-SML,GeneticAlgorithm,1:GPOL,1,21,0.5311851501464844,17,tensor(0.0003),tensor([0.0659, 0.0659, 0.0659, 0.0659, 0.0659, 0.0659, 0.0659, 0.0659, 0.0659,
        0.0659, 0.0659, 0.0659, 0.0659, 0.0659, 0.0659, 0.0659, 0.0659, 0.0659,
        0.0659, 0.0659, 0.0659, 0.0659, 0.0659, 0.0659, 0.0659, 0.0659, 0.0659,
        0.0659, 0.0659, 0.0659, 0.0659, 0.0659, 0.0659, 0.0659, 0.0659, 0.0659,
        0.0659, 0.0659, 0.0659, 0.0659, 0.0659, 0.0659, 0.0659, 0.0659, 0.0659,
        0.0659, 0.0659, 0.0659, 0.0659, 0.0659, 0.0659, 0.0659, 0.0659, 0.0659,
        0.0659, 0.0659, 0.0659, 0.0659, 0.0659, 0.0659, 0.0659, 0.0659, 0.0659,
        0.0659]),4.6116860871468646e+17,2.014064234161242e+18,[add, add, tensor(0.8835), add, div, 16, 16, add, div, 16, 16, div, 16, 16, div, 16, 16]
INFO:IP-SML,GeneticAlgorithm,1:GPOL,1,22,0.5777227878570557,17,tensor(0.0003),tensor([0.0659, 0.0659, 0.0659, 0.0659, 0.0659, 0.0659, 0.0659, 0.0659, 0.0659,
        0.0659, 0.0659, 0.0659, 0.0659, 0.0659, 0.0659, 0.0659, 0.0659, 0.0659,
        0.0659, 0.0659, 0.0659, 0.0659, 0.0659, 0.0659, 0.0659, 0.0659, 0.0659,
        0.0659, 0.0659, 0.0659, 0.0659, 0.0659, 0.0659, 0.0659, 0.0659, 0.0659,
        0.0659, 0.0659, 0.0659, 0.0659, 0.0659, 0.0659, 0.0659, 0.0659, 0.0659,
        0.0659, 0.0659, 0.0659, 0.0659, 0.0659, 0.0659, 0.0659, 0.0659, 0.0659,
        0.0659, 0.0659, 0.0659, 0.0659, 0.0659, 0.0659, 0.0659, 0.0659, 0.0659,
        0.0659]),4.9664311443429786e+17,2.0858579454085038e+18,[add, add, tensor(0.8835), add, div, 16, 16, add, div, 16, 16, div, 16, 16, div, 16, 16]
INFO:IP-SML,GeneticAlgorithm,1:GPOL,1,23,0.49051523208618164,17,tensor(0.0003),tensor([0.0659, 0.0659, 0.0659, 0.0659, 0.0659, 0.0659, 0.0659, 0.0659, 0.0659,
        0.0659, 0.0659, 0.0659, 0.0659, 0.0659, 0.0659, 0.0659, 0.0659, 0.0659,
        0.0659, 0.0659, 0.0659, 0.0659, 0.0659, 0.0659, 0.0659, 0.0659, 0.0659,
        0.0659, 0.0659, 0.0659, 0.0659, 0.0659, 0.0659, 0.0659, 0.0659, 0.0659,
        0.0659, 0.0659, 0.0659, 0.0659, 0.0659, 0.0659, 0.0659, 0.0659, 0.0659,
        0.0659, 0.0659, 0.0659, 0.0659, 0.0659, 0.0659, 0.0659, 0.0659, 0.0659,
        0.0659, 0.0659, 0.0659, 0.0659, 0.0659, 0.0659, 0.0659, 0.0659, 0.0659,
        0.0659]),2.8379606293676032e+17,1.5958733703128023e+18,[add, add, tensor(0.8835), add, div, 16, 16, add, div, 16, 16, div, 16, 16, div, 16, 16]
INFO:IP-SML,GeneticAlgorithm,1:GPOL,1,24,0.5234007835388184,17,tensor(0.0003),tensor([0.0659, 0.0659, 0.0659, 0.0659, 0.0659, 0.0659, 0.0659, 0.0659, 0.0659,
        0.0659, 0.0659, 0.0659, 0.0659, 0.0659, 0.0659, 0.0659, 0.0659, 0.0659,
        0.0659, 0.0659, 0.0659, 0.0659, 0.0659, 0.0659, 0.0659, 0.0659, 0.0659,
        0.0659, 0.0659, 0.0659, 0.0659, 0.0659, 0.0659, 0.0659, 0.0659, 0.0659,
        0.0659, 0.0659, 0.0659, 0.0659, 0.0659, 0.0659, 0.0659, 0.0659, 0.0659,
        0.0659, 0.0659, 0.0659, 0.0659, 0.0659, 0.0659, 0.0659, 0.0659, 0.0659,
        0.0659, 0.0659, 0.0659, 0.0659, 0.0659, 0.0659, 0.0659, 0.0659, 0.0659,
        0.0659]),1.0642352574876877e+17,9.869164144115057e+17,[add, add, tensor(0.8835), add, div, 16, 16, add, div, 16, 16, div, 16, 16, div, 16, 16]
INFO:IP-SML,GeneticAlgorithm,1:GPOL,1,25,0.5207822322845459,17,tensor(0.0003),tensor([0.0659, 0.0659, 0.0659, 0.0659, 0.0659, 0.0659, 0.0659, 0.0659, 0.0659,
        0.0659, 0.0659, 0.0659, 0.0659, 0.0659, 0.0659, 0.0659, 0.0659, 0.0659,
        0.0659, 0.0659, 0.0659, 0.0659, 0.0659, 0.0659, 0.0659, 0.0659, 0.0659,
        0.0659, 0.0659, 0.0659, 0.0659, 0.0659, 0.0659, 0.0659, 0.0659, 0.0659,
        0.0659, 0.0659, 0.0659, 0.0659, 0.0659, 0.0659, 0.0659, 0.0659, 0.0659,
        0.0659, 0.0659, 0.0659, 0.0659, 0.0659, 0.0659, 0.0659, 0.0659, 0.0659,
        0.0659, 0.0659, 0.0659, 0.0659, 0.0659, 0.0659, 0.0659, 0.0659, 0.0659,
        0.0659]),7.094901573419008e+16,8.073800469299855e+17,[add, add, tensor(0.8835), add, div, 16, 16, add, div, 16, 16, div, 16, 16, div, 16, 16]
INFO:IP-SML,GeneticAlgorithm,1:GPOL,1,26,0.5251579284667969,17,tensor(0.0003),tensor([0.0659, 0.0659, 0.0659, 0.0659, 0.0659, 0.0659, 0.0659, 0.0659, 0.0659,
        0.0659, 0.0659, 0.0659, 0.0659, 0.0659, 0.0659, 0.0659, 0.0659, 0.0659,
        0.0659, 0.0659, 0.0659, 0.0659, 0.0659, 0.0659, 0.0659, 0.0659, 0.0659,
        0.0659, 0.0659, 0.0659, 0.0659, 0.0659, 0.0659, 0.0659, 0.0659, 0.0659,
        0.0659, 0.0659, 0.0659, 0.0659, 0.0659, 0.0659, 0.0659, 0.0659, 0.0659,
        0.0659, 0.0659, 0.0659, 0.0659, 0.0659, 0.0659, 0.0659, 0.0659, 0.0659,
        0.0659, 0.0659, 0.0659, 0.0659, 0.0659, 0.0659, 0.0659, 0.0659, 0.0659,
        0.0659]),1.0642352574876877e+17,9.869164144115057e+17,[add, add, tensor(0.8835), add, div, 16, 16, add, div, 16, 16, div, 16, 16, div, 16, 16]
INFO:IP-SML,GeneticAlgorithm,1:GPOL,1,27,0.494809627532959,17,tensor(0.0003),tensor([0.0659, 0.0659, 0.0659, 0.0659, 0.0659, 0.0659, 0.0659, 0.0659, 0.0659,
        0.0659, 0.0659, 0.0659, 0.0659, 0.0659, 0.0659, 0.0659, 0.0659, 0.0659,
        0.0659, 0.0659, 0.0659, 0.0659, 0.0659, 0.0659, 0.0659, 0.0659, 0.0659,
        0.0659, 0.0659, 0.0659, 0.0659, 0.0659, 0.0659, 0.0659, 0.0659, 0.0659,
        0.0659, 0.0659, 0.0659, 0.0659, 0.0659, 0.0659, 0.0659, 0.0659, 0.0659,
        0.0659, 0.0659, 0.0659, 0.0659, 0.0659, 0.0659, 0.0659, 0.0659, 0.0659,
        0.0659, 0.0659, 0.0659, 0.0659, 0.0659, 0.0659, 0.0659, 0.0659, 0.0659,
        0.0659]),1.4937398433685303,1.3739434480667114,[add, add, tensor(0.8835), add, div, 16, 16, add, div, 16, 16, div, 16, 16, div, 16, 16]
INFO:IP-SML,GeneticAlgorithm,1:GPOL,1,28,0.5255212783813477,17,tensor(0.0003),tensor([0.0659, 0.0659, 0.0659, 0.0659, 0.0659, 0.0659, 0.0659, 0.0659, 0.0659,
        0.0659, 0.0659, 0.0659, 0.0659, 0.0659, 0.0659, 0.0659, 0.0659, 0.0659,
        0.0659, 0.0659, 0.0659, 0.0659, 0.0659, 0.0659, 0.0659, 0.0659, 0.0659,
        0.0659, 0.0659, 0.0659, 0.0659, 0.0659, 0.0659, 0.0659, 0.0659, 0.0659,
        0.0659, 0.0659, 0.0659, 0.0659, 0.0659, 0.0659, 0.0659, 0.0659, 0.0659,
        0.0659, 0.0659, 0.0659, 0.0659, 0.0659, 0.0659, 0.0659, 0.0659, 0.0659,
        0.0659, 0.0659, 0.0659, 0.0659, 0.0659, 0.0659, 0.0659, 0.0659, 0.0659,
        0.0659]),7.094901573419008e+16,8.073800469299855e+17,[add, add, tensor(0.8835), add, div, 16, 16, add, div, 16, 16, div, 16, 16, div, 16, 16]
INFO:IP-SML,GeneticAlgorithm,1:GPOL,1,29,0.4898531436920166,17,tensor(0.0003),tensor([0.0659, 0.0659, 0.0659, 0.0659, 0.0659, 0.0659, 0.0659, 0.0659, 0.0659,
        0.0659, 0.0659, 0.0659, 0.0659, 0.0659, 0.0659, 0.0659, 0.0659, 0.0659,
        0.0659, 0.0659, 0.0659, 0.0659, 0.0659, 0.0659, 0.0659, 0.0659, 0.0659,
        0.0659, 0.0659, 0.0659, 0.0659, 0.0659, 0.0659, 0.0659, 0.0659, 0.0659,
        0.0659, 0.0659, 0.0659, 0.0659, 0.0659, 0.0659, 0.0659, 0.0659, 0.0659,
        0.0659, 0.0659, 0.0659, 0.0659, 0.0659, 0.0659, 0.0659, 0.0659, 0.0659,
        0.0659, 0.0659, 0.0659, 0.0659, 0.0659, 0.0659, 0.0659, 0.0659, 0.0659,
        0.0659]),1.585431456565857,1.585185170173645,[add, add, tensor(0.8835), add, div, 16, 16, add, div, 16, 16, div, 16, 16, div, 16, 16]
INFO:IP-SML,GeneticAlgorithm,1:GPOL,1,30,0.522576093673706,17,tensor(0.0003),tensor([0.0659, 0.0659, 0.0659, 0.0659, 0.0659, 0.0659, 0.0659, 0.0659, 0.0659,
        0.0659, 0.0659, 0.0659, 0.0659, 0.0659, 0.0659, 0.0659, 0.0659, 0.0659,
        0.0659, 0.0659, 0.0659, 0.0659, 0.0659, 0.0659, 0.0659, 0.0659, 0.0659,
        0.0659, 0.0659, 0.0659, 0.0659, 0.0659, 0.0659, 0.0659, 0.0659, 0.0659,
        0.0659, 0.0659, 0.0659, 0.0659, 0.0659, 0.0659, 0.0659, 0.0659, 0.0659,
        0.0659, 0.0659, 0.0659, 0.0659, 0.0659, 0.0659, 0.0659, 0.0659, 0.0659,
        0.0659, 0.0659, 0.0659, 0.0659, 0.0659, 0.0659, 0.0659, 0.0659, 0.0659,
        0.0659]),3.547450786709504e+16,5.720092420394189e+17,[add, add, tensor(0.8835), add, div, 16, 16, add, div, 16, 16, div, 16, 16, div, 16, 16]
INFO:IP-SML,GeneticAlgorithm,1:GPOL,1,31,0.5966780185699463,17,tensor(0.0003),tensor([0.0659, 0.0659, 0.0659, 0.0659, 0.0659, 0.0659, 0.0659, 0.0659, 0.0659,
        0.0659, 0.0659, 0.0659, 0.0659, 0.0659, 0.0659, 0.0659, 0.0659, 0.0659,
        0.0659, 0.0659, 0.0659, 0.0659, 0.0659, 0.0659, 0.0659, 0.0659, 0.0659,
        0.0659, 0.0659, 0.0659, 0.0659, 0.0659, 0.0659, 0.0659, 0.0659, 0.0659,
        0.0659, 0.0659, 0.0659, 0.0659, 0.0659, 0.0659, 0.0659, 0.0659, 0.0659,
        0.0659, 0.0659, 0.0659, 0.0659, 0.0659, 0.0659, 0.0659, 0.0659, 0.0659,
        0.0659, 0.0659, 0.0659, 0.0659, 0.0659, 0.0659, 0.0659, 0.0659, 0.0659,
        0.0659]),3.192705858362409e+17,1.6893175650226012e+18,[add, add, tensor(0.8835), add, div, 16, 16, add, div, 16, 16, div, 16, 16, div, 16, 16]
INFO:IP-SML,GeneticAlgorithm,1:GPOL,1,32,0.5691847801208496,17,tensor(0.0003),tensor([0.0659, 0.0659, 0.0659, 0.0659, 0.0659, 0.0659, 0.0659, 0.0659, 0.0659,
        0.0659, 0.0659, 0.0659, 0.0659, 0.0659, 0.0659, 0.0659, 0.0659, 0.0659,
        0.0659, 0.0659, 0.0659, 0.0659, 0.0659, 0.0659, 0.0659, 0.0659, 0.0659,
        0.0659, 0.0659, 0.0659, 0.0659, 0.0659, 0.0659, 0.0659, 0.0659, 0.0659,
        0.0659, 0.0659, 0.0659, 0.0659, 0.0659, 0.0659, 0.0659, 0.0659, 0.0659,
        0.0659, 0.0659, 0.0659, 0.0659, 0.0659, 0.0659, 0.0659, 0.0659, 0.0659,
        0.0659, 0.0659, 0.0659, 0.0659, 0.0659, 0.0659, 0.0659, 0.0659, 0.0659,
        0.0659]),2.8379606293676032e+17,1.5958733703128023e+18,[add, add, tensor(0.8835), add, div, 16, 16, add, div, 16, 16, div, 16, 16, div, 16, 16]
INFO:IP-SML,GeneticAlgorithm,1:GPOL,1,33,0.5371410846710205,17,tensor(0.0003),tensor([0.0659, 0.0659, 0.0659, 0.0659, 0.0659, 0.0659, 0.0659, 0.0659, 0.0659,
        0.0659, 0.0659, 0.0659, 0.0659, 0.0659, 0.0659, 0.0659, 0.0659, 0.0659,
        0.0659, 0.0659, 0.0659, 0.0659, 0.0659, 0.0659, 0.0659, 0.0659, 0.0659,
        0.0659, 0.0659, 0.0659, 0.0659, 0.0659, 0.0659, 0.0659, 0.0659, 0.0659,
        0.0659, 0.0659, 0.0659, 0.0659, 0.0659, 0.0659, 0.0659, 0.0659, 0.0659,
        0.0659, 0.0659, 0.0659, 0.0659, 0.0659, 0.0659, 0.0659, 0.0659, 0.0659,
        0.0659, 0.0659, 0.0659, 0.0659, 0.0659, 0.0659, 0.0659, 0.0659, 0.0659,
        0.0659]),1.0642352574876877e+17,9.869164144115057e+17,[add, add, tensor(0.8835), add, div, 16, 16, add, div, 16, 16, div, 16, 16, div, 16, 16]
INFO:IP-SML,GeneticAlgorithm,1:GPOL,1,34,0.5415618419647217,17,tensor(0.0003),tensor([0.0659, 0.0659, 0.0659, 0.0659, 0.0659, 0.0659, 0.0659, 0.0659, 0.0659,
        0.0659, 0.0659, 0.0659, 0.0659, 0.0659, 0.0659, 0.0659, 0.0659, 0.0659,
        0.0659, 0.0659, 0.0659, 0.0659, 0.0659, 0.0659, 0.0659, 0.0659, 0.0659,
        0.0659, 0.0659, 0.0659, 0.0659, 0.0659, 0.0659, 0.0659, 0.0659, 0.0659,
        0.0659, 0.0659, 0.0659, 0.0659, 0.0659, 0.0659, 0.0659, 0.0659, 0.0659,
        0.0659, 0.0659, 0.0659, 0.0659, 0.0659, 0.0659, 0.0659, 0.0659, 0.0659,
        0.0659, 0.0659, 0.0659, 0.0659, 0.0659, 0.0659, 0.0659, 0.0659, 0.0659,
        0.0659]),1.535163164138794,1.4505045413970947,[add, add, tensor(0.8835), add, div, 16, 16, add, div, 16, 16, div, 16, 16, div, 16, 16]
INFO:IP-SML,GeneticAlgorithm,1:GPOL,1,35,0.472562313079834,17,tensor(0.0003),tensor([0.0659, 0.0659, 0.0659, 0.0659, 0.0659, 0.0659, 0.0659, 0.0659, 0.0659,
        0.0659, 0.0659, 0.0659, 0.0659, 0.0659, 0.0659, 0.0659, 0.0659, 0.0659,
        0.0659, 0.0659, 0.0659, 0.0659, 0.0659, 0.0659, 0.0659, 0.0659, 0.0659,
        0.0659, 0.0659, 0.0659, 0.0659, 0.0659, 0.0659, 0.0659, 0.0659, 0.0659,
        0.0659, 0.0659, 0.0659, 0.0659, 0.0659, 0.0659, 0.0659, 0.0659, 0.0659,
        0.0659, 0.0659, 0.0659, 0.0659, 0.0659, 0.0659, 0.0659, 0.0659, 0.0659,
        0.0659, 0.0659, 0.0659, 0.0659, 0.0659, 0.0659, 0.0659, 0.0659, 0.0659,
        0.0659]),1.0642352574876877e+17,9.869164144115057e+17,[add, add, tensor(0.8835), add, div, 16, 16, add, div, 16, 16, div, 16, 16, div, 16, 16]
INFO:IP-SML,GeneticAlgorithm,1:GPOL,1,36,0.4931604862213135,17,tensor(0.0003),tensor([0.0659, 0.0659, 0.0659, 0.0659, 0.0659, 0.0659, 0.0659, 0.0659, 0.0659,
        0.0659, 0.0659, 0.0659, 0.0659, 0.0659, 0.0659, 0.0659, 0.0659, 0.0659,
        0.0659, 0.0659, 0.0659, 0.0659, 0.0659, 0.0659, 0.0659, 0.0659, 0.0659,
        0.0659, 0.0659, 0.0659, 0.0659, 0.0659, 0.0659, 0.0659, 0.0659, 0.0659,
        0.0659, 0.0659, 0.0659, 0.0659, 0.0659, 0.0659, 0.0659, 0.0659, 0.0659,
        0.0659, 0.0659, 0.0659, 0.0659, 0.0659, 0.0659, 0.0659, 0.0659, 0.0659,
        0.0659, 0.0659, 0.0659, 0.0659, 0.0659, 0.0659, 0.0659, 0.0659, 0.0659,
        0.0659]),1.0642352574876877e+17,9.869164144115057e+17,[add, add, tensor(0.8835), add, div, 16, 16, add, div, 16, 16, div, 16, 16, div, 16, 16]
INFO:IP-SML,GeneticAlgorithm,1:GPOL,1,37,0.5466701984405518,17,tensor(0.0003),tensor([0.0659, 0.0659, 0.0659, 0.0659, 0.0659, 0.0659, 0.0659, 0.0659, 0.0659,
        0.0659, 0.0659, 0.0659, 0.0659, 0.0659, 0.0659, 0.0659, 0.0659, 0.0659,
        0.0659, 0.0659, 0.0659, 0.0659, 0.0659, 0.0659, 0.0659, 0.0659, 0.0659,
        0.0659, 0.0659, 0.0659, 0.0659, 0.0659, 0.0659, 0.0659, 0.0659, 0.0659,
        0.0659, 0.0659, 0.0659, 0.0659, 0.0659, 0.0659, 0.0659, 0.0659, 0.0659,
        0.0659, 0.0659, 0.0659, 0.0659, 0.0659, 0.0659, 0.0659, 0.0659, 0.0659,
        0.0659, 0.0659, 0.0659, 0.0659, 0.0659, 0.0659, 0.0659, 0.0659, 0.0659,
        0.0659]),1.4189803146838016e+17,1.1373735855563735e+18,[add, add, tensor(0.8835), add, div, 16, 16, add, div, 16, 16, div, 16, 16, div, 16, 16]
INFO:IP-SML,GeneticAlgorithm,1:GPOL,1,38,0.5356440544128418,17,tensor(0.0003),tensor([0.0659, 0.0659, 0.0659, 0.0659, 0.0659, 0.0659, 0.0659, 0.0659, 0.0659,
        0.0659, 0.0659, 0.0659, 0.0659, 0.0659, 0.0659, 0.0659, 0.0659, 0.0659,
        0.0659, 0.0659, 0.0659, 0.0659, 0.0659, 0.0659, 0.0659, 0.0659, 0.0659,
        0.0659, 0.0659, 0.0659, 0.0659, 0.0659, 0.0659, 0.0659, 0.0659, 0.0659,
        0.0659, 0.0659, 0.0659, 0.0659, 0.0659, 0.0659, 0.0659, 0.0659, 0.0659,
        0.0659, 0.0659, 0.0659, 0.0659, 0.0659, 0.0659, 0.0659, 0.0659, 0.0659,
        0.0659, 0.0659, 0.0659, 0.0659, 0.0659, 0.0659, 0.0659, 0.0659, 0.0659,
        0.0659]),1.3976001739501953,1.3168610334396362,[add, add, tensor(0.8835), add, div, 16, 16, add, div, 16, 16, div, 16, 16, div, 16, 16]
INFO:IP-SML,GeneticAlgorithm,1:GPOL,1,39,0.46058177947998047,17,tensor(0.0003),tensor([0.0659, 0.0659, 0.0659, 0.0659, 0.0659, 0.0659, 0.0659, 0.0659, 0.0659,
        0.0659, 0.0659, 0.0659, 0.0659, 0.0659, 0.0659, 0.0659, 0.0659, 0.0659,
        0.0659, 0.0659, 0.0659, 0.0659, 0.0659, 0.0659, 0.0659, 0.0659, 0.0659,
        0.0659, 0.0659, 0.0659, 0.0659, 0.0659, 0.0659, 0.0659, 0.0659, 0.0659,
        0.0659, 0.0659, 0.0659, 0.0659, 0.0659, 0.0659, 0.0659, 0.0659, 0.0659,
        0.0659, 0.0659, 0.0659, 0.0659, 0.0659, 0.0659, 0.0659, 0.0659, 0.0659,
        0.0659, 0.0659, 0.0659, 0.0659, 0.0659, 0.0659, 0.0659, 0.0659, 0.0659,
        0.0659]),1.5390461683273315,1.3705819845199585,[add, add, tensor(0.8835), add, div, 16, 16, add, div, 16, 16, div, 16, 16, div, 16, 16]
INFO:IP-SML,GeneticAlgorithm,1:GPOL,1,40,0.4344933032989502,17,tensor(0.0003),tensor([0.0659, 0.0659, 0.0659, 0.0659, 0.0659, 0.0659, 0.0659, 0.0659, 0.0659,
        0.0659, 0.0659, 0.0659, 0.0659, 0.0659, 0.0659, 0.0659, 0.0659, 0.0659,
        0.0659, 0.0659, 0.0659, 0.0659, 0.0659, 0.0659, 0.0659, 0.0659, 0.0659,
        0.0659, 0.0659, 0.0659, 0.0659, 0.0659, 0.0659, 0.0659, 0.0659, 0.0659,
        0.0659, 0.0659, 0.0659, 0.0659, 0.0659, 0.0659, 0.0659, 0.0659, 0.0659,
        0.0659, 0.0659, 0.0659, 0.0659, 0.0659, 0.0659, 0.0659, 0.0659, 0.0659,
        0.0659, 0.0659, 0.0659, 0.0659, 0.0659, 0.0659, 0.0659, 0.0659, 0.0659,
        0.0659]),1.5186082124710083,1.9317480325698853,[add, add, tensor(0.8835), add, div, 16, 16, add, div, 16, 16, div, 16, 16, div, 16, 16]
INFO:IP-SML,GeneticAlgorithm,1:GPOL,1,41,0.5313615798950195,17,tensor(0.0003),tensor([0.0659, 0.0659, 0.0659, 0.0659, 0.0659, 0.0659, 0.0659, 0.0659, 0.0659,
        0.0659, 0.0659, 0.0659, 0.0659, 0.0659, 0.0659, 0.0659, 0.0659, 0.0659,
        0.0659, 0.0659, 0.0659, 0.0659, 0.0659, 0.0659, 0.0659, 0.0659, 0.0659,
        0.0659, 0.0659, 0.0659, 0.0659, 0.0659, 0.0659, 0.0659, 0.0659, 0.0659,
        0.0659, 0.0659, 0.0659, 0.0659, 0.0659, 0.0659, 0.0659, 0.0659, 0.0659,
        0.0659, 0.0659, 0.0659, 0.0659, 0.0659, 0.0659, 0.0659, 0.0659, 0.0659,
        0.0659, 0.0659, 0.0659, 0.0659, 0.0659, 0.0659, 0.0659, 0.0659, 0.0659,
        0.0659]),7.094901573419008e+16,8.073800469299855e+17,[add, add, tensor(0.8835), add, div, 16, 16, add, div, 16, 16, div, 16, 16, div, 16, 16]
INFO:IP-SML,GeneticAlgorithm,1:GPOL,1,42,0.48415279388427734,17,tensor(0.0003),tensor([0.0659, 0.0659, 0.0659, 0.0659, 0.0659, 0.0659, 0.0659, 0.0659, 0.0659,
        0.0659, 0.0659, 0.0659, 0.0659, 0.0659, 0.0659, 0.0659, 0.0659, 0.0659,
        0.0659, 0.0659, 0.0659, 0.0659, 0.0659, 0.0659, 0.0659, 0.0659, 0.0659,
        0.0659, 0.0659, 0.0659, 0.0659, 0.0659, 0.0659, 0.0659, 0.0659, 0.0659,
        0.0659, 0.0659, 0.0659, 0.0659, 0.0659, 0.0659, 0.0659, 0.0659, 0.0659,
        0.0659, 0.0659, 0.0659, 0.0659, 0.0659, 0.0659, 0.0659, 0.0659, 0.0659,
        0.0659, 0.0659, 0.0659, 0.0659, 0.0659, 0.0659, 0.0659, 0.0659, 0.0659,
        0.0659]),7.094901573419008e+16,8.073800469299855e+17,[add, add, tensor(0.8835), add, div, 16, 16, add, div, 16, 16, div, 16, 16, div, 16, 16]
INFO:IP-SML,GeneticAlgorithm,1:GPOL,1,43,0.5000388622283936,17,tensor(0.0003),tensor([0.0659, 0.0659, 0.0659, 0.0659, 0.0659, 0.0659, 0.0659, 0.0659, 0.0659,
        0.0659, 0.0659, 0.0659, 0.0659, 0.0659, 0.0659, 0.0659, 0.0659, 0.0659,
        0.0659, 0.0659, 0.0659, 0.0659, 0.0659, 0.0659, 0.0659, 0.0659, 0.0659,
        0.0659, 0.0659, 0.0659, 0.0659, 0.0659, 0.0659, 0.0659, 0.0659, 0.0659,
        0.0659, 0.0659, 0.0659, 0.0659, 0.0659, 0.0659, 0.0659, 0.0659, 0.0659,
        0.0659, 0.0659, 0.0659, 0.0659, 0.0659, 0.0659, 0.0659, 0.0659, 0.0659,
        0.0659, 0.0659, 0.0659, 0.0659, 0.0659, 0.0659, 0.0659, 0.0659, 0.0659,
        0.0659]),7.094901573419008e+16,8.073800469299855e+17,[add, add, tensor(0.8835), add, div, 16, 16, add, div, 16, 16, div, 16, 16, div, 16, 16]
INFO:IP-SML,GeneticAlgorithm,1:GPOL,1,44,0.5077743530273438,17,tensor(0.0003),tensor([0.0659, 0.0659, 0.0659, 0.0659, 0.0659, 0.0659, 0.0659, 0.0659, 0.0659,
        0.0659, 0.0659, 0.0659, 0.0659, 0.0659, 0.0659, 0.0659, 0.0659, 0.0659,
        0.0659, 0.0659, 0.0659, 0.0659, 0.0659, 0.0659, 0.0659, 0.0659, 0.0659,
        0.0659, 0.0659, 0.0659, 0.0659, 0.0659, 0.0659, 0.0659, 0.0659, 0.0659,
        0.0659, 0.0659, 0.0659, 0.0659, 0.0659, 0.0659, 0.0659, 0.0659, 0.0659,
        0.0659, 0.0659, 0.0659, 0.0659, 0.0659, 0.0659, 0.0659, 0.0659, 0.0659,
        0.0659, 0.0659, 0.0659, 0.0659, 0.0659, 0.0659, 0.0659, 0.0659, 0.0659,
        0.0659]),1.7737254577792614e+17,1.26913631024998e+18,[add, add, tensor(0.8835), add, div, 16, 16, add, div, 16, 16, div, 16, 16, div, 16, 16]
INFO:IP-SML,GeneticAlgorithm,1:GPOL,1,45,0.5272858142852783,17,tensor(0.0003),tensor([0.0659, 0.0659, 0.0659, 0.0659, 0.0659, 0.0659, 0.0659, 0.0659, 0.0659,
        0.0659, 0.0659, 0.0659, 0.0659, 0.0659, 0.0659, 0.0659, 0.0659, 0.0659,
        0.0659, 0.0659, 0.0659, 0.0659, 0.0659, 0.0659, 0.0659, 0.0659, 0.0659,
        0.0659, 0.0659, 0.0659, 0.0659, 0.0659, 0.0659, 0.0659, 0.0659, 0.0659,
        0.0659, 0.0659, 0.0659, 0.0659, 0.0659, 0.0659, 0.0659, 0.0659, 0.0659,
        0.0659, 0.0659, 0.0659, 0.0659, 0.0659, 0.0659, 0.0659, 0.0659, 0.0659,
        0.0659, 0.0659, 0.0659, 0.0659, 0.0659, 0.0659, 0.0659, 0.0659, 0.0659,
        0.0659]),1.7737254577792614e+17,1.26913631024998e+18,[add, add, tensor(0.8835), add, div, 16, 16, add, div, 16, 16, div, 16, 16, div, 16, 16]
INFO:IP-SML,GeneticAlgorithm,1:GPOL,1,46,0.504601240158081,17,tensor(0.0003),tensor([0.0659, 0.0659, 0.0659, 0.0659, 0.0659, 0.0659, 0.0659, 0.0659, 0.0659,
        0.0659, 0.0659, 0.0659, 0.0659, 0.0659, 0.0659, 0.0659, 0.0659, 0.0659,
        0.0659, 0.0659, 0.0659, 0.0659, 0.0659, 0.0659, 0.0659, 0.0659, 0.0659,
        0.0659, 0.0659, 0.0659, 0.0659, 0.0659, 0.0659, 0.0659, 0.0659, 0.0659,
        0.0659, 0.0659, 0.0659, 0.0659, 0.0659, 0.0659, 0.0659, 0.0659, 0.0659,
        0.0659, 0.0659, 0.0659, 0.0659, 0.0659, 0.0659, 0.0659, 0.0659, 0.0659,
        0.0659, 0.0659, 0.0659, 0.0659, 0.0659, 0.0659, 0.0659, 0.0659, 0.0659,
        0.0659]),3.547450915558523e+17,1.7771462789714412e+18,[add, add, tensor(0.8835), add, div, 16, 16, add, div, 16, 16, div, 16, 16, div, 16, 16]
INFO:IP-SML,GeneticAlgorithm,1:GPOL,1,47,0.47853970527648926,17,tensor(0.0003),tensor([0.0659, 0.0659, 0.0659, 0.0659, 0.0659, 0.0659, 0.0659, 0.0659, 0.0659,
        0.0659, 0.0659, 0.0659, 0.0659, 0.0659, 0.0659, 0.0659, 0.0659, 0.0659,
        0.0659, 0.0659, 0.0659, 0.0659, 0.0659, 0.0659, 0.0659, 0.0659, 0.0659,
        0.0659, 0.0659, 0.0659, 0.0659, 0.0659, 0.0659, 0.0659, 0.0659, 0.0659,
        0.0659, 0.0659, 0.0659, 0.0659, 0.0659, 0.0659, 0.0659, 0.0659, 0.0659,
        0.0659, 0.0659, 0.0659, 0.0659, 0.0659, 0.0659, 0.0659, 0.0659, 0.0659,
        0.0659, 0.0659, 0.0659, 0.0659, 0.0659, 0.0659, 0.0659, 0.0659, 0.0659,
        0.0659]),3.902195972754637e+17,1.860155283699925e+18,[add, add, tensor(0.8835), add, div, 16, 16, add, div, 16, 16, div, 16, 16, div, 16, 16]
INFO:IP-SML,GeneticAlgorithm,1:GPOL,1,48,0.6879842281341553,17,tensor(0.0003),tensor([0.0659, 0.0659, 0.0659, 0.0659, 0.0659, 0.0659, 0.0659, 0.0659, 0.0659,
        0.0659, 0.0659, 0.0659, 0.0659, 0.0659, 0.0659, 0.0659, 0.0659, 0.0659,
        0.0659, 0.0659, 0.0659, 0.0659, 0.0659, 0.0659, 0.0659, 0.0659, 0.0659,
        0.0659, 0.0659, 0.0659, 0.0659, 0.0659, 0.0659, 0.0659, 0.0659, 0.0659,
        0.0659, 0.0659, 0.0659, 0.0659, 0.0659, 0.0659, 0.0659, 0.0659, 0.0659,
        0.0659, 0.0659, 0.0659, 0.0659, 0.0659, 0.0659, 0.0659, 0.0659, 0.0659,
        0.0659, 0.0659, 0.0659, 0.0659, 0.0659, 0.0659, 0.0659, 0.0659, 0.0659,
        0.0659]),2.1284705149753754e+17,1.3875405184219218e+18,[add, add, tensor(0.8835), add, div, 16, 16, add, div, 16, 16, div, 16, 16, div, 16, 16]
INFO:IP-SML,GeneticAlgorithm,1:GPOL,1,49,0.43294858932495117,17,tensor(0.0003),tensor([0.0659, 0.0659, 0.0659, 0.0659, 0.0659, 0.0659, 0.0659, 0.0659, 0.0659,
        0.0659, 0.0659, 0.0659, 0.0659, 0.0659, 0.0659, 0.0659, 0.0659, 0.0659,
        0.0659, 0.0659, 0.0659, 0.0659, 0.0659, 0.0659, 0.0659, 0.0659, 0.0659,
        0.0659, 0.0659, 0.0659, 0.0659, 0.0659, 0.0659, 0.0659, 0.0659, 0.0659,
        0.0659, 0.0659, 0.0659, 0.0659, 0.0659, 0.0659, 0.0659, 0.0659, 0.0659,
        0.0659, 0.0659, 0.0659, 0.0659, 0.0659, 0.0659, 0.0659, 0.0659, 0.0659,
        0.0659, 0.0659, 0.0659, 0.0659, 0.0659, 0.0659, 0.0659, 0.0659, 0.0659,
        0.0659]),1.9896364212036133,3.2134575843811035,[add, add, tensor(0.8835), add, div, 16, 16, add, div, 16, 16, div, 16, 16, div, 16, 16]
INFO:IP-SML,GeneticAlgorithm,1:GPOL,1,50,0.46421122550964355,17,tensor(0.0003),tensor([0.0659, 0.0659, 0.0659, 0.0659, 0.0659, 0.0659, 0.0659, 0.0659, 0.0659,
        0.0659, 0.0659, 0.0659, 0.0659, 0.0659, 0.0659, 0.0659, 0.0659, 0.0659,
        0.0659, 0.0659, 0.0659, 0.0659, 0.0659, 0.0659, 0.0659, 0.0659, 0.0659,
        0.0659, 0.0659, 0.0659, 0.0659, 0.0659, 0.0659, 0.0659, 0.0659, 0.0659,
        0.0659, 0.0659, 0.0659, 0.0659, 0.0659, 0.0659, 0.0659, 0.0659, 0.0659,
        0.0659, 0.0659, 0.0659, 0.0659, 0.0659, 0.0659, 0.0659, 0.0659, 0.0659,
        0.0659, 0.0659, 0.0659, 0.0659, 0.0659, 0.0659, 0.0659, 0.0659, 0.0659,
        0.0659]),1.4729399681091309,1.4130758047103882,[add, add, tensor(0.8835), add, div, 16, 16, add, div, 16, 16, div, 16, 16, div, 16, 16]
